project root inside WATCH.JS: /Users/lukakhaja/TEST-39/Bitasmbl_im-tha-greatest-rn_b88_414
project root before updating task manifest /Users/lukakhaja/TEST-39/Bitasmbl_im-tha-greatest-rn_b88_414
PATH : frontend/package-lock.json
project root AFTER updating task manifest /Users/lukakhaja/TEST-39/Bitasmbl_im-tha-greatest-rn_b88_414
current mappings!! []
suggestion!! { name: 'Unmapped', requirementId: 0, confidence: 0 }
PATH : frontend/package.json
project root AFTER updating task manifest /Users/lukakhaja/TEST-39/Bitasmbl_im-tha-greatest-rn_b88_414
current mappings!! []
suggestion!! { name: 'Unmapped', requirementId: 0, confidence: 0 }
project root inside WATCH.JS: /Users/lukakhaja/TEST-39/Bitasmbl_im-tha-greatest-rn_b88_414
project root before updating task manifest /Users/lukakhaja/TEST-39/Bitasmbl_im-tha-greatest-rn_b88_414
PATH : frontend/src/layouts/layout.tsx
project root AFTER updating task manifest /Users/lukakhaja/TEST-39/Bitasmbl_im-tha-greatest-rn_b88_414
current mappings!! []
suggestion!! { name: 'Define portfolio layout', requirementId: 898, confidence: 3 }
PATH : frontend/src/layouts/layout.tsx
project root AFTER updating task manifest /Users/lukakhaja/TEST-39/Bitasmbl_im-tha-greatest-rn_b88_414
current mappings!! []
suggestion!! { name: 'Define portfolio layout', requirementId: 898, confidence: 3 }
PATH : .bitasmbl/bitasmbl.tasks.json
PATH : frontend/src/layouts/layout.tsx
project root AFTER updating task manifest /Users/lukakhaja/TEST-39/Bitasmbl_im-tha-greatest-rn_b88_414
current mappings!! []
suggestion!! { name: 'Define portfolio layout', requirementId: 898, confidence: 3 }
PATH : .bitasmbl/bitasmbl.tasks.json
PATH : frontend/src/layouts/layout.tsx
project root AFTER updating task manifest /Users/lukakhaja/TEST-39/Bitasmbl_im-tha-greatest-rn_b88_414
current mappings!! []
suggestion!! { name: 'Define portfolio layout', requirementId: 898, confidence: 3 }
PATH : .bitasmbl/bitasmbl.tasks.json
PATH : frontend/src/layouts/layout.tsx
project root AFTER updating task manifest /Users/lukakhaja/TEST-39/Bitasmbl_im-tha-greatest-rn_b88_414
current mappings!! []
suggestion!! { name: 'Define portfolio layout', requirementId: 898, confidence: 3 }
PATH : .bitasmbl/bitasmbl.tasks.json
PATH : frontend/src/layouts/layout.tsx
project root AFTER updating task manifest /Users/lukakhaja/TEST-39/Bitasmbl_im-tha-greatest-rn_b88_414
current mappings!! []
suggestion!! { name: 'Define portfolio layout', requirementId: 898, confidence: 3 }
PATH : .bitasmbl/bitasmbl.tasks.json
PATH : frontend/src/layouts/layout.tsx
project root AFTER updating task manifest /Users/lukakhaja/TEST-39/Bitasmbl_im-tha-greatest-rn_b88_414
current mappings!! []
suggestion!! { name: 'Define portfolio layout', requirementId: 898, confidence: 3 }
PATH : .bitasmbl/bitasmbl.tasks.json
PATH : frontend/src/router/router.tsx
project root AFTER updating task manifest /Users/lukakhaja/TEST-39/Bitasmbl_im-tha-greatest-rn_b88_414
current mappings!! [
  {
    file: 'frontend/src/layouts/layout.tsx',
    requirementId: 898,
    requirementName: 'Define portfolio layout',
    changes: 7,
    modifiedRanges: [ [Object] ],
    timestamps: {
      firstModified: '2026-06-17T14:29:40.789Z',
      lastModified: '2026-06-18T08:18:01.950Z'
    },
    activity: {
      activeDurationSec: 1630,
      idleBreaks: 5,
      avgIntervalSec: 9156.857142857143
    },
    diffStats: { linesAdded: 25, linesDeleted: 0, largeChangeEvents: 0 },
    patterns: { burstEdits: false, longPauseBeforeEdit: true },
    sourceHints: { possiblePaste: false, suspiciousJump: false }
  }
]
suggestion!! {
  name: 'Implement navigation routing',
  requirementId: 900,
  confidence: 3
}
PATH : .bitasmbl/bitasmbl.tasks.json
PATH : frontend/src/router/router.tsx
project root AFTER updating task manifest /Users/lukakhaja/TEST-39/Bitasmbl_im-tha-greatest-rn_b88_414
current mappings!! [
  {
    file: 'frontend/src/layouts/layout.tsx',
    requirementId: 898,
    requirementName: 'Define portfolio layout',
    changes: 7,
    modifiedRanges: [ [Object] ],
    timestamps: {
      firstModified: '2026-06-17T14:29:40.789Z',
      lastModified: '2026-06-18T08:18:01.950Z'
    },
    activity: {
      activeDurationSec: 1630,
      idleBreaks: 5,
      avgIntervalSec: 9156.857142857143
    },
    diffStats: { linesAdded: 25, linesDeleted: 0, largeChangeEvents: 0 },
    patterns: { burstEdits: false, longPauseBeforeEdit: true },
    sourceHints: { possiblePaste: false, suspiciousJump: false }
  }
]
suggestion!! {
  name: 'Implement navigation routing',
  requirementId: 900,
  confidence: 3
}
PATH : .bitasmbl/bitasmbl.tasks.json
PATH : frontend/src/router/router.tsx
project root AFTER updating task manifest /Users/lukakhaja/TEST-39/Bitasmbl_im-tha-greatest-rn_b88_414
current mappings!! [
  {
    file: 'frontend/src/layouts/layout.tsx',
    requirementId: 898,
    requirementName: 'Define portfolio layout',
    changes: 7,
    modifiedRanges: [ [Object] ],
    timestamps: {
      firstModified: '2026-06-17T14:29:40.789Z',
      lastModified: '2026-06-18T08:18:01.950Z'
    },
    activity: {
      activeDurationSec: 1630,
      idleBreaks: 5,
      avgIntervalSec: 9156.857142857143
    },
    diffStats: { linesAdded: 25, linesDeleted: 0, largeChangeEvents: 0 },
    patterns: { burstEdits: false, longPauseBeforeEdit: true },
    sourceHints: { possiblePaste: false, suspiciousJump: false }
  }
]
suggestion!! {
  name: 'Implement navigation routing',
  requirementId: 900,
  confidence: 3
}
PATH : .bitasmbl/bitasmbl.tasks.json
PATH : frontend/src/router/router.tsx
project root AFTER updating task manifest /Users/lukakhaja/TEST-39/Bitasmbl_im-tha-greatest-rn_b88_414
current mappings!! [
  {
    file: 'frontend/src/layouts/layout.tsx',
    requirementId: 898,
    requirementName: 'Define portfolio layout',
    changes: 7,
    modifiedRanges: [ [Object] ],
    timestamps: {
      firstModified: '2026-06-17T14:29:40.789Z',
      lastModified: '2026-06-18T08:18:01.950Z'
    },
    activity: {
      activeDurationSec: 1630,
      idleBreaks: 5,
      avgIntervalSec: 9156.857142857143
    },
    diffStats: { linesAdded: 25, linesDeleted: 0, largeChangeEvents: 0 },
    patterns: { burstEdits: false, longPauseBeforeEdit: true },
    sourceHints: { possiblePaste: false, suspiciousJump: false }
  }
]
suggestion!! {
  name: 'Implement navigation routing',
  requirementId: 900,
  confidence: 3
}
PATH : .bitasmbl/bitasmbl.tasks.json
PATH : frontend/src/router/router.tsx
project root AFTER updating task manifest /Users/lukakhaja/TEST-39/Bitasmbl_im-tha-greatest-rn_b88_414
current mappings!! [
  {
    file: 'frontend/src/layouts/layout.tsx',
    requirementId: 898,
    requirementName: 'Define portfolio layout',
    changes: 7,
    modifiedRanges: [ [Object] ],
    timestamps: {
      firstModified: '2026-06-17T14:29:40.789Z',
      lastModified: '2026-06-18T08:18:01.950Z'
    },
    activity: {
      activeDurationSec: 1630,
      idleBreaks: 5,
      avgIntervalSec: 9156.857142857143
    },
    diffStats: { linesAdded: 25, linesDeleted: 0, largeChangeEvents: 0 },
    patterns: { burstEdits: false, longPauseBeforeEdit: true },
    sourceHints: { possiblePaste: false, suspiciousJump: false }
  }
]
suggestion!! {
  name: 'Implement navigation routing',
  requirementId: 900,
  confidence: 3
}
PATH : .bitasmbl/bitasmbl.tasks.json
PATH : frontend/src/router/router.tsx
project root AFTER updating task manifest /Users/lukakhaja/TEST-39/Bitasmbl_im-tha-greatest-rn_b88_414
current mappings!! [
  {
    file: 'frontend/src/layouts/layout.tsx',
    requirementId: 898,
    requirementName: 'Define portfolio layout',
    changes: 7,
    modifiedRanges: [ [Object] ],
    timestamps: {
      firstModified: '2026-06-17T14:29:40.789Z',
      lastModified: '2026-06-18T08:18:01.950Z'
    },
    activity: {
      activeDurationSec: 1630,
      idleBreaks: 5,
      avgIntervalSec: 9156.857142857143
    },
    diffStats: { linesAdded: 25, linesDeleted: 0, largeChangeEvents: 0 },
    patterns: { burstEdits: false, longPauseBeforeEdit: true },
    sourceHints: { possiblePaste: false, suspiciousJump: false }
  }
]
suggestion!! {
  name: 'Implement navigation routing',
  requirementId: 900,
  confidence: 3
}
PATH : .bitasmbl/bitasmbl.tasks.json
PATH : frontend/src/router/router.tsx
project root AFTER updating task manifest /Users/lukakhaja/TEST-39/Bitasmbl_im-tha-greatest-rn_b88_414
Watcher Sync Error: ExecaError: Command failed with exit code 128: git add -- frontend/src/router/router.tsx

fatal: Unable to create '/Users/lukakhaja/TEST-39/Bitasmbl_im-tha-greatest-rn_b88_414/.git/index.lock': File exists.

Another git process seems to be running in this repository, e.g.
an editor opened by 'git commit'. Please make sure all processes
are terminated then try again. If it still fails, a git process
may have crashed in this repository earlier:
remove the file manually to continue.
    at getFinalError (file:///Users/lukakhaja/Desktop/bitasmbl-cli/node_modules/execa/lib/return/final-error.js:6:9)
    at makeError (file:///Users/lukakhaja/Desktop/bitasmbl-cli/node_modules/execa/lib/return/result.js:108:16)
    at getAsyncResult (file:///Users/lukakhaja/Desktop/bitasmbl-cli/node_modules/execa/lib/methods/main-async.js:168:4)
    at handlePromise (file:///Users/lukakhaja/Desktop/bitasmbl-cli/node_modules/execa/lib/methods/main-async.js:151:17)
    at async updateTaskManifest (file:///Users/lukakhaja/Desktop/bitasmbl-cli/dist/commands/watch.js:155:9) {
  shortMessage: 'Command failed with exit code 128: git add -- frontend/src/router/router.tsx',
  command: 'git add -- frontend/src/router/router.tsx',
  escapedCommand: 'git add -- frontend/src/router/router.tsx',
  cwd: '/Users/lukakhaja/TEST-39/Bitasmbl_im-tha-greatest-rn_b88_414',
  durationMs: 14.076708,
  failed: true,
  timedOut: false,
  isCanceled: false,
  isGracefullyCanceled: false,
  isTerminated: false,
  isMaxBuffer: false,
  isForcefullyTerminated: false,
  exitCode: 128,
  stdout: '',
  stderr: "fatal: Unable to create '/Users/lukakhaja/TEST-39/Bitasmbl_im-tha-greatest-rn_b88_414/.git/index.lock': File exists.\n" +
    '\n' +
    'Another git process seems to be running in this repository, e.g.\n' +
    "an editor opened by 'git commit'. Please make sure all processes\n" +
    'are terminated then try again. If it still fails, a git process\n' +
    'may have crashed in this repository earlier:\n' +
    'remove the file manually to continue.',
  stdio: [
    undefined,
    '',
    "fatal: Unable to create '/Users/lukakhaja/TEST-39/Bitasmbl_im-tha-greatest-rn_b88_414/.git/index.lock': File exists.\n" +
      '\n' +
      'Another git process seems to be running in this repository, e.g.\n' +
      "an editor opened by 'git commit'. Please make sure all processes\n" +
      'are terminated then try again. If it still fails, a git process\n' +
      'may have crashed in this repository earlier:\n' +
      'remove the file manually to continue.'
  ],
  ipcOutput: [],
  pipedFrom: []
} router.tsx
PATH : .bitasmbl/bitasmbl.tasks.json
PATH : frontend/src/router/router.tsx
project root AFTER updating task manifest /Users/lukakhaja/TEST-39/Bitasmbl_im-tha-greatest-rn_b88_414
current mappings!! [
  {
    file: 'frontend/src/layouts/layout.tsx',
    requirementId: 898,
    requirementName: 'Define portfolio layout',
    changes: 7,
    modifiedRanges: [ [Object] ],
    timestamps: {
      firstModified: '2026-06-17T14:29:40.789Z',
      lastModified: '2026-06-18T08:18:01.950Z'
    },
    activity: {
      activeDurationSec: 1630,
      idleBreaks: 5,
      avgIntervalSec: 9156.857142857143
    },
    diffStats: { linesAdded: 25, linesDeleted: 0, largeChangeEvents: 0 },
    patterns: { burstEdits: false, longPauseBeforeEdit: true },
    sourceHints: { possiblePaste: false, suspiciousJump: false }
  }
]
suggestion!! {
  name: 'Implement navigation routing',
  requirementId: 900,
  confidence: 3
}
PATH : .bitasmbl/bitasmbl.tasks.json
PATH : frontend/src/router/router.tsx
project root AFTER updating task manifest /Users/lukakhaja/TEST-39/Bitasmbl_im-tha-greatest-rn_b88_414
current mappings!! [
  {
    file: 'frontend/src/layouts/layout.tsx',
    requirementId: 898,
    requirementName: 'Define portfolio layout',
    changes: 7,
    modifiedRanges: [ [Object] ],
    timestamps: {
      firstModified: '2026-06-17T14:29:40.789Z',
      lastModified: '2026-06-18T08:18:01.950Z'
    },
    activity: {
      activeDurationSec: 1630,
      idleBreaks: 5,
      avgIntervalSec: 9156.857142857143
    },
    diffStats: { linesAdded: 25, linesDeleted: 0, largeChangeEvents: 0 },
    patterns: { burstEdits: false, longPauseBeforeEdit: true },
    sourceHints: { possiblePaste: false, suspiciousJump: false }
  }
]
suggestion!! {
  name: 'Implement navigation routing',
  requirementId: 900,
  confidence: 3
}
PATH : .bitasmbl/bitasmbl.tasks.json
PATH : bitasmbl.task.json
project root AFTER updating task manifest /Users/lukakhaja/TEST-39/Bitasmbl_im-tha-greatest-rn_b88_414
current mappings!! [
  {
    file: 'frontend/src/layouts/layout.tsx',
    requirementId: 898,
    requirementName: 'Define portfolio layout',
    changes: 7,
    modifiedRanges: [ [Object] ],
    timestamps: {
      firstModified: '2026-06-17T14:29:40.789Z',
      lastModified: '2026-06-18T08:18:01.950Z'
    },
    activity: {
      activeDurationSec: 1630,
      idleBreaks: 5,
      avgIntervalSec: 9156.857142857143
    },
    diffStats: { linesAdded: 25, linesDeleted: 0, largeChangeEvents: 0 },
    patterns: { burstEdits: false, longPauseBeforeEdit: true },
    sourceHints: { possiblePaste: false, suspiciousJump: false }
  },
  {
    file: 'frontend/src/router/router.tsx',
    requirementId: 900,
    requirementName: 'Implement navigation routing',
    changes: 8,
    modifiedRanges: [ [Object], [Object] ],
    timestamps: {
      firstModified: '2026-06-18T08:21:49.575Z',
      lastModified: '2026-06-18T10:37:39.592Z'
    },
    activity: {
      activeDurationSec: 1094,
      idleBreaks: 2,
      avgIntervalSec: 1018.375
    },
    diffStats: { linesAdded: 2, linesDeleted: 2, largeChangeEvents: 0 },
    patterns: { burstEdits: false, longPauseBeforeEdit: true },
    sourceHints: { possiblePaste: false, suspiciousJump: false }
  }
]
suggestion!! { name: 'Unmapped', requirementId: 0, confidence: 0 }
PATH : frontend/src/router/router.tsx
project root AFTER updating task manifest /Users/lukakhaja/TEST-39/Bitasmbl_im-tha-greatest-rn_b88_414
current mappings!! [
  {
    file: 'frontend/src/layouts/layout.tsx',
    requirementId: 898,
    requirementName: 'Define portfolio layout',
    changes: 7,
    modifiedRanges: [ [Object] ],
    timestamps: {
      firstModified: '2026-06-17T14:29:40.789Z',
      lastModified: '2026-06-18T08:18:01.950Z'
    },
    activity: {
      activeDurationSec: 1630,
      idleBreaks: 5,
      avgIntervalSec: 9156.857142857143
    },
    diffStats: { linesAdded: 25, linesDeleted: 0, largeChangeEvents: 0 },
    patterns: { burstEdits: false, longPauseBeforeEdit: true },
    sourceHints: { possiblePaste: false, suspiciousJump: false }
  }
]
suggestion!! {
  name: 'Implement navigation routing',
  requirementId: 900,
  confidence: 3
}
PATH : .bitasmbl/bitasmbl.tasks.json
PATH : bitasmbl.task.json
project root AFTER updating task manifest /Users/lukakhaja/TEST-39/Bitasmbl_im-tha-greatest-rn_b88_414
current mappings!! [
  {
    file: 'frontend/src/layouts/layout.tsx',
    requirementId: 898,
    requirementName: 'Define portfolio layout',
    changes: 7,
    modifiedRanges: [ [Object] ],
    timestamps: {
      firstModified: '2026-06-17T14:29:40.789Z',
      lastModified: '2026-06-18T08:18:01.950Z'
    },
    activity: {
      activeDurationSec: 1630,
      idleBreaks: 5,
      avgIntervalSec: 9156.857142857143
    },
    diffStats: { linesAdded: 25, linesDeleted: 0, largeChangeEvents: 0 },
    patterns: { burstEdits: false, longPauseBeforeEdit: true },
    sourceHints: { possiblePaste: false, suspiciousJump: false }
  },
  {
    file: 'frontend/src/router/router.tsx',
    requirementId: 900,
    requirementName: 'Implement navigation routing',
    changes: 9,
    modifiedRanges: [ [Object] ],
    timestamps: {
      firstModified: '2026-06-18T08:21:49.575Z',
      lastModified: '2026-06-18T10:37:43.633Z'
    },
    activity: {
      activeDurationSec: 1098,
      idleBreaks: 2,
      avgIntervalSec: 905.6666666666666
    },
    diffStats: { linesAdded: 1, linesDeleted: 1, largeChangeEvents: 0 },
    patterns: { burstEdits: false, longPauseBeforeEdit: true },
    sourceHints: { possiblePaste: false, suspiciousJump: false }
  }
]
suggestion!! { name: 'Unmapped', requirementId: 0, confidence: 0 }
PATH : frontend/src/router/router.tsx
project root AFTER updating task manifest /Users/lukakhaja/TEST-39/Bitasmbl_im-tha-greatest-rn_b88_414
current mappings!! [
  {
    file: 'frontend/src/layouts/layout.tsx',
    requirementId: 898,
    requirementName: 'Define portfolio layout',
    changes: 7,
    modifiedRanges: [ [Object] ],
    timestamps: {
      firstModified: '2026-06-17T14:29:40.789Z',
      lastModified: '2026-06-18T08:18:01.950Z'
    },
    activity: {
      activeDurationSec: 1630,
      idleBreaks: 5,
      avgIntervalSec: 9156.857142857143
    },
    diffStats: { linesAdded: 25, linesDeleted: 0, largeChangeEvents: 0 },
    patterns: { burstEdits: false, longPauseBeforeEdit: true },
    sourceHints: { possiblePaste: false, suspiciousJump: false }
  }
]
suggestion!! {
  name: 'Implement navigation routing',
  requirementId: 900,
  confidence: 3
}
PATH : .bitasmbl/bitasmbl.tasks.json
PATH : .bitasmbl/bitasmbl.tasks.json
PATH : frontend/src/router/router.tsx
project root AFTER updating task manifest /Users/lukakhaja/TEST-39/Bitasmbl_im-tha-greatest-rn_b88_414
current mappings!! [
  {
    file: 'frontend/src/layouts/layout.tsx',
    requirementId: 898,
    requirementName: 'Define portfolio layout',
    changes: 7,
    modifiedRanges: [ [Object] ],
    timestamps: {
      firstModified: '2026-06-17T14:29:40.789Z',
      lastModified: '2026-06-18T08:18:01.950Z'
    },
    activity: {
      activeDurationSec: 1630,
      idleBreaks: 5,
      avgIntervalSec: 9156.857142857143
    },
    diffStats: { linesAdded: 25, linesDeleted: 0, largeChangeEvents: 0 },
    patterns: { burstEdits: false, longPauseBeforeEdit: true },
    sourceHints: { possiblePaste: false, suspiciousJump: false }
  }
]
suggestion!! {
  name: 'Implement navigation routing',
  requirementId: 900,
  confidence: 3
}
PATH : .bitasmbl/bitasmbl.tasks.json
PATH : bitasmbl.task.json
project root AFTER updating task manifest /Users/lukakhaja/TEST-39/Bitasmbl_im-tha-greatest-rn_b88_414
current mappings!! [
  {
    file: 'frontend/src/layouts/layout.tsx',
    requirementId: 898,
    requirementName: 'Define portfolio layout',
    changes: 7,
    modifiedRanges: [ [Object] ],
    timestamps: {
      firstModified: '2026-06-17T14:29:40.789Z',
      lastModified: '2026-06-18T08:18:01.950Z'
    },
    activity: {
      activeDurationSec: 1630,
      idleBreaks: 5,
      avgIntervalSec: 9156.857142857143
    },
    diffStats: { linesAdded: 25, linesDeleted: 0, largeChangeEvents: 0 },
    patterns: { burstEdits: false, longPauseBeforeEdit: true },
    sourceHints: { possiblePaste: false, suspiciousJump: false }
  },
  {
    file: 'frontend/src/router/router.tsx',
    requirementId: 900,
    requirementName: 'Implement navigation routing',
    changes: 11,
    modifiedRanges: [ [Object], [Object] ],
    timestamps: {
      firstModified: '2026-06-18T08:21:49.575Z',
      lastModified: '2026-06-18T10:45:41.900Z'
    },
    activity: {
      activeDurationSec: 1420,
      idleBreaks: 3,
      avgIntervalSec: 784.3636363636364
    },
    diffStats: { linesAdded: 2, linesDeleted: 2, largeChangeEvents: 0 },
    patterns: { burstEdits: false, longPauseBeforeEdit: true },
    sourceHints: { possiblePaste: false, suspiciousJump: false }
  }
]
suggestion!! { name: 'Unmapped', requirementId: 0, confidence: 0 }
PATH : frontend/src/router/router.tsx
project root AFTER updating task manifest /Users/lukakhaja/TEST-39/Bitasmbl_im-tha-greatest-rn_b88_414
current mappings!! [
  {
    file: 'frontend/src/layouts/layout.tsx',
    requirementId: 898,
    requirementName: 'Define portfolio layout',
    changes: 7,
    modifiedRanges: [ [Object] ],
    timestamps: {
      firstModified: '2026-06-17T14:29:40.789Z',
      lastModified: '2026-06-18T08:18:01.950Z'
    },
    activity: {
      activeDurationSec: 1630,
      idleBreaks: 5,
      avgIntervalSec: 9156.857142857143
    },
    diffStats: { linesAdded: 25, linesDeleted: 0, largeChangeEvents: 0 },
    patterns: { burstEdits: false, longPauseBeforeEdit: true },
    sourceHints: { possiblePaste: false, suspiciousJump: false }
  }
]
suggestion!! {
  name: 'Implement navigation routing',
  requirementId: 900,
  confidence: 3
}
PATH : .bitasmbl/bitasmbl.tasks.json
PATH : .bitasmbl/bitasmbl.tasks.json
PATH : frontend/src/router/router.tsx
project root AFTER updating task manifest /Users/lukakhaja/TEST-39/Bitasmbl_im-tha-greatest-rn_b88_414
current mappings!! [
  {
    file: 'frontend/src/layouts/layout.tsx',
    requirementId: 898,
    requirementName: 'Define portfolio layout',
    changes: 7,
    modifiedRanges: [ [Object] ],
    timestamps: {
      firstModified: '2026-06-17T14:29:40.789Z',
      lastModified: '2026-06-18T08:18:01.950Z'
    },
    activity: {
      activeDurationSec: 1630,
      idleBreaks: 5,
      avgIntervalSec: 9156.857142857143
    },
    diffStats: { linesAdded: 25, linesDeleted: 0, largeChangeEvents: 0 },
    patterns: { burstEdits: false, longPauseBeforeEdit: true },
    sourceHints: { possiblePaste: false, suspiciousJump: false }
  }
]
suggestion!! {
  name: 'Implement navigation routing',
  requirementId: 900,
  confidence: 3
}
PATH : .bitasmbl/bitasmbl.tasks.json
PATH : bitasmbl.task.json
project root AFTER updating task manifest /Users/lukakhaja/TEST-39/Bitasmbl_im-tha-greatest-rn_b88_414
current mappings!! [
  {
    file: 'frontend/src/layouts/layout.tsx',
    requirementId: 898,
    requirementName: 'Define portfolio layout',
    changes: 7,
    modifiedRanges: [ [Object] ],
    timestamps: {
      firstModified: '2026-06-17T14:29:40.789Z',
      lastModified: '2026-06-18T08:18:01.950Z'
    },
    activity: {
      activeDurationSec: 1630,
      idleBreaks: 5,
      avgIntervalSec: 9156.857142857143
    },
    diffStats: { linesAdded: 25, linesDeleted: 0, largeChangeEvents: 0 },
    patterns: { burstEdits: false, longPauseBeforeEdit: true },
    sourceHints: { possiblePaste: false, suspiciousJump: false }
  },
  {
    file: 'frontend/src/router/router.tsx',
    requirementId: 900,
    requirementName: 'Implement navigation routing',
    changes: 13,
    modifiedRanges: [ [Object], [Object] ],
    timestamps: {
      firstModified: '2026-06-18T08:21:49.575Z',
      lastModified: '2026-06-18T11:23:24.829Z'
    },
    activity: {
      activeDurationSec: 1724,
      idleBreaks: 4,
      avgIntervalSec: 837.6923076923077
    },
    diffStats: { linesAdded: 2, linesDeleted: 2, largeChangeEvents: 0 },
    patterns: { burstEdits: false, longPauseBeforeEdit: true },
    sourceHints: { possiblePaste: false, suspiciousJump: false }
  }
]
suggestion!! { name: 'Unmapped', requirementId: 0, confidence: 0 }
PATH : frontend/src/router/router.tsx
project root AFTER updating task manifest /Users/lukakhaja/TEST-39/Bitasmbl_im-tha-greatest-rn_b88_414
current mappings!! [
  {
    file: 'frontend/src/layouts/layout.tsx',
    requirementId: 898,
    requirementName: 'Define portfolio layout',
    changes: 7,
    modifiedRanges: [ [Object] ],
    timestamps: {
      firstModified: '2026-06-17T14:29:40.789Z',
      lastModified: '2026-06-18T08:18:01.950Z'
    },
    activity: {
      activeDurationSec: 1630,
      idleBreaks: 5,
      avgIntervalSec: 9156.857142857143
    },
    diffStats: { linesAdded: 25, linesDeleted: 0, largeChangeEvents: 0 },
    patterns: { burstEdits: false, longPauseBeforeEdit: true },
    sourceHints: { possiblePaste: false, suspiciousJump: false }
  }
]
suggestion!! {
  name: 'Implement navigation routing',
  requirementId: 900,
  confidence: 3
}
PATH : .bitasmbl/bitasmbl.tasks.json
PATH : .bitasmbl/bitasmbl.tasks.json
PATH : frontend/src/router/router.tsx
project root AFTER updating task manifest /Users/lukakhaja/TEST-39/Bitasmbl_im-tha-greatest-rn_b88_414
current mappings!! [
  {
    file: 'frontend/src/layouts/layout.tsx',
    requirementId: 898,
    requirementName: 'Define portfolio layout',
    changes: 7,
    modifiedRanges: [ [Object] ],
    timestamps: {
      firstModified: '2026-06-17T14:29:40.789Z',
      lastModified: '2026-06-18T08:18:01.950Z'
    },
    activity: {
      activeDurationSec: 1630,
      idleBreaks: 5,
      avgIntervalSec: 9156.857142857143
    },
    diffStats: { linesAdded: 25, linesDeleted: 0, largeChangeEvents: 0 },
    patterns: { burstEdits: false, longPauseBeforeEdit: true },
    sourceHints: { possiblePaste: false, suspiciousJump: false }
  }
]
suggestion!! {
  name: 'Implement navigation routing',
  requirementId: 900,
  confidence: 3
}
PATH : .bitasmbl/bitasmbl.tasks.json
PATH : frontend/src/router/router.tsx
project root AFTER updating task manifest /Users/lukakhaja/TEST-39/Bitasmbl_im-tha-greatest-rn_b88_414
current mappings!! [
  {
    file: 'frontend/src/layouts/layout.tsx',
    requirementId: 898,
    requirementName: 'Define portfolio layout',
    changes: 7,
    modifiedRanges: [ [Object] ],
    timestamps: {
      firstModified: '2026-06-17T14:29:40.789Z',
      lastModified: '2026-06-18T08:18:01.950Z'
    },
    activity: {
      activeDurationSec: 1630,
      idleBreaks: 5,
      avgIntervalSec: 9156.857142857143
    },
    diffStats: { linesAdded: 25, linesDeleted: 0, largeChangeEvents: 0 },
    patterns: { burstEdits: false, longPauseBeforeEdit: true },
    sourceHints: { possiblePaste: false, suspiciousJump: false }
  }
]
suggestion!! {
  name: 'Implement navigation routing',
  requirementId: 900,
  confidence: 3
}
PATH : .bitasmbl/bitasmbl.tasks.json
PATH : bitasmbl.task.json
project root AFTER updating task manifest /Users/lukakhaja/TEST-39/Bitasmbl_im-tha-greatest-rn_b88_414
current mappings!! [
  {
    file: 'frontend/src/layouts/layout.tsx',
    requirementId: 898,
    requirementName: 'Define portfolio layout',
    changes: 7,
    modifiedRanges: [ [Object] ],
    timestamps: {
      firstModified: '2026-06-17T14:29:40.789Z',
      lastModified: '2026-06-18T08:18:01.950Z'
    },
    activity: {
      activeDurationSec: 1630,
      idleBreaks: 5,
      avgIntervalSec: 9156.857142857143
    },
    diffStats: { linesAdded: 25, linesDeleted: 0, largeChangeEvents: 0 },
    patterns: { burstEdits: false, longPauseBeforeEdit: true },
    sourceHints: { possiblePaste: false, suspiciousJump: false }
  },
  {
    file: 'frontend/src/router/router.tsx',
    requirementId: 900,
    requirementName: 'Implement navigation routing',
    changes: 16,
    modifiedRanges: [ [Object], [Object], [Object] ],
    timestamps: {
      firstModified: '2026-06-18T08:21:49.575Z',
      lastModified: '2026-06-18T11:36:06.438Z'
    },
    activity: { activeDurationSec: 2141, idleBreaks: 5, avgIntervalSec: 728.125 },
    diffStats: { linesAdded: 4, linesDeleted: 4, largeChangeEvents: 0 },
    patterns: { burstEdits: false, longPauseBeforeEdit: true },
    sourceHints: { possiblePaste: false, suspiciousJump: false }
  }
]
suggestion!! { name: 'Unmapped', requirementId: 0, confidence: 0 }
PATH : frontend/src/router/router.tsx
project root AFTER updating task manifest /Users/lukakhaja/TEST-39/Bitasmbl_im-tha-greatest-rn_b88_414
Watcher Sync Error: ExecaError: Command failed with exit code 128: git add -- frontend/src/router/router.tsx

fatal: Unable to create '/Users/lukakhaja/TEST-39/Bitasmbl_im-tha-greatest-rn_b88_414/.git/index.lock': File exists.

Another git process seems to be running in this repository, e.g.
an editor opened by 'git commit'. Please make sure all processes
are terminated then try again. If it still fails, a git process
may have crashed in this repository earlier:
remove the file manually to continue.
    at getFinalError (file:///Users/lukakhaja/Desktop/bitasmbl-cli/node_modules/execa/lib/return/final-error.js:6:9)
    at makeError (file:///Users/lukakhaja/Desktop/bitasmbl-cli/node_modules/execa/lib/return/result.js:108:16)
    at getAsyncResult (file:///Users/lukakhaja/Desktop/bitasmbl-cli/node_modules/execa/lib/methods/main-async.js:168:4)
    at handlePromise (file:///Users/lukakhaja/Desktop/bitasmbl-cli/node_modules/execa/lib/methods/main-async.js:151:17)
    at async updateTaskManifest (file:///Users/lukakhaja/Desktop/bitasmbl-cli/dist/commands/watch.js:155:9) {
  shortMessage: 'Command failed with exit code 128: git add -- frontend/src/router/router.tsx',
  command: 'git add -- frontend/src/router/router.tsx',
  escapedCommand: 'git add -- frontend/src/router/router.tsx',
  cwd: '/Users/lukakhaja/TEST-39/Bitasmbl_im-tha-greatest-rn_b88_414',
  durationMs: 11.713959,
  failed: true,
  timedOut: false,
  isCanceled: false,
  isGracefullyCanceled: false,
  isTerminated: false,
  isMaxBuffer: false,
  isForcefullyTerminated: false,
  exitCode: 128,
  stdout: '',
  stderr: "fatal: Unable to create '/Users/lukakhaja/TEST-39/Bitasmbl_im-tha-greatest-rn_b88_414/.git/index.lock': File exists.\n" +
    '\n' +
    'Another git process seems to be running in this repository, e.g.\n' +
    "an editor opened by 'git commit'. Please make sure all processes\n" +
    'are terminated then try again. If it still fails, a git process\n' +
    'may have crashed in this repository earlier:\n' +
    'remove the file manually to continue.',
  stdio: [
    undefined,
    '',
    "fatal: Unable to create '/Users/lukakhaja/TEST-39/Bitasmbl_im-tha-greatest-rn_b88_414/.git/index.lock': File exists.\n" +
      '\n' +
      'Another git process seems to be running in this repository, e.g.\n' +
      "an editor opened by 'git commit'. Please make sure all processes\n" +
      'are terminated then try again. If it still fails, a git process\n' +
      'may have crashed in this repository earlier:\n' +
      'remove the file manually to continue.'
  ],
  ipcOutput: [],
  pipedFrom: []
} router.tsx
PATH : .bitasmbl/bitasmbl.tasks.json
PATH : frontend/src/router/router.tsx
project root AFTER updating task manifest /Users/lukakhaja/TEST-39/Bitasmbl_im-tha-greatest-rn_b88_414
current mappings!! [
  {
    file: 'frontend/src/layouts/layout.tsx',
    requirementId: 898,
    requirementName: 'Define portfolio layout',
    changes: 7,
    modifiedRanges: [ [Object] ],
    timestamps: {
      firstModified: '2026-06-17T14:29:40.789Z',
      lastModified: '2026-06-18T08:18:01.950Z'
    },
    activity: {
      activeDurationSec: 1630,
      idleBreaks: 5,
      avgIntervalSec: 9156.857142857143
    },
    diffStats: { linesAdded: 25, linesDeleted: 0, largeChangeEvents: 0 },
    patterns: { burstEdits: false, longPauseBeforeEdit: true },
    sourceHints: { possiblePaste: false, suspiciousJump: false }
  }
]
suggestion!! {
  name: 'Implement navigation routing',
  requirementId: 900,
  confidence: 3
}
PATH : .bitasmbl/bitasmbl.tasks.json
PATH : bitasmbl.task.json
project root AFTER updating task manifest /Users/lukakhaja/TEST-39/Bitasmbl_im-tha-greatest-rn_b88_414
current mappings!! [
  {
    file: 'frontend/src/layouts/layout.tsx',
    requirementId: 898,
    requirementName: 'Define portfolio layout',
    changes: 7,
    modifiedRanges: [ [Object] ],
    timestamps: {
      firstModified: '2026-06-17T14:29:40.789Z',
      lastModified: '2026-06-18T08:18:01.950Z'
    },
    activity: {
      activeDurationSec: 1630,
      idleBreaks: 5,
      avgIntervalSec: 9156.857142857143
    },
    diffStats: { linesAdded: 25, linesDeleted: 0, largeChangeEvents: 0 },
    patterns: { burstEdits: false, longPauseBeforeEdit: true },
    sourceHints: { possiblePaste: false, suspiciousJump: false }
  },
  {
    file: 'frontend/src/router/router.tsx',
    requirementId: 900,
    requirementName: 'Implement navigation routing',
    changes: 17,
    modifiedRanges: [ [Object], [Object] ],
    timestamps: {
      firstModified: '2026-06-18T08:21:49.575Z',
      lastModified: '2026-06-18T18:39:32.507Z'
    },
    activity: {
      activeDurationSec: 2441,
      idleBreaks: 6,
      avgIntervalSec: 2179.764705882353
    },
    diffStats: { linesAdded: 4, linesDeleted: 2, largeChangeEvents: 0 },
    patterns: { burstEdits: false, longPauseBeforeEdit: true },
    sourceHints: { possiblePaste: false, suspiciousJump: false }
  }
]
suggestion!! { name: 'Unmapped', requirementId: 0, confidence: 0 }
PATH : frontend/src/router/router.tsx
project root AFTER updating task manifest /Users/lukakhaja/TEST-39/Bitasmbl_im-tha-greatest-rn_b88_414
current mappings!! [
  {
    file: 'frontend/src/layouts/layout.tsx',
    requirementId: 898,
    requirementName: 'Define portfolio layout',
    changes: 7,
    modifiedRanges: [ [Object] ],
    timestamps: {
      firstModified: '2026-06-17T14:29:40.789Z',
      lastModified: '2026-06-18T08:18:01.950Z'
    },
    activity: {
      activeDurationSec: 1630,
      idleBreaks: 5,
      avgIntervalSec: 9156.857142857143
    },
    diffStats: { linesAdded: 25, linesDeleted: 0, largeChangeEvents: 0 },
    patterns: { burstEdits: false, longPauseBeforeEdit: true },
    sourceHints: { possiblePaste: false, suspiciousJump: false }
  }
]
suggestion!! {
  name: 'Implement navigation routing',
  requirementId: 900,
  confidence: 3
}
PATH : .bitasmbl/bitasmbl.tasks.json
PATH : .bitasmbl/bitasmbl.tasks.json
PATH : frontend/src/router/router.tsx
project root AFTER updating task manifest /Users/lukakhaja/TEST-39/Bitasmbl_im-tha-greatest-rn_b88_414
current mappings!! [
  {
    file: 'frontend/src/layouts/layout.tsx',
    requirementId: 898,
    requirementName: 'Define portfolio layout',
    changes: 7,
    modifiedRanges: [ [Object] ],
    timestamps: {
      firstModified: '2026-06-17T14:29:40.789Z',
      lastModified: '2026-06-18T08:18:01.950Z'
    },
    activity: {
      activeDurationSec: 1630,
      idleBreaks: 5,
      avgIntervalSec: 9156.857142857143
    },
    diffStats: { linesAdded: 25, linesDeleted: 0, largeChangeEvents: 0 },
    patterns: { burstEdits: false, longPauseBeforeEdit: true },
    sourceHints: { possiblePaste: false, suspiciousJump: false }
  }
]
suggestion!! {
  name: 'Implement navigation routing',
  requirementId: 900,
  confidence: 3
}
PATH : .bitasmbl/bitasmbl.tasks.json
PATH : bitasmbl.task.json
project root AFTER updating task manifest /Users/lukakhaja/TEST-39/Bitasmbl_im-tha-greatest-rn_b88_414
current mappings!! [
  {
    file: 'frontend/src/layouts/layout.tsx',
    requirementId: 898,
    requirementName: 'Define portfolio layout',
    changes: 7,
    modifiedRanges: [ [Object] ],
    timestamps: {
      firstModified: '2026-06-17T14:29:40.789Z',
      lastModified: '2026-06-18T08:18:01.950Z'
    },
    activity: {
      activeDurationSec: 1630,
      idleBreaks: 5,
      avgIntervalSec: 9156.857142857143
    },
    diffStats: { linesAdded: 25, linesDeleted: 0, largeChangeEvents: 0 },
    patterns: { burstEdits: false, longPauseBeforeEdit: true },
    sourceHints: { possiblePaste: false, suspiciousJump: false }
  },
  {
    file: 'frontend/src/router/router.tsx',
    requirementId: 900,
    requirementName: 'Implement navigation routing',
    changes: 19,
    modifiedRanges: [ [Object], [Object] ],
    timestamps: {
      firstModified: '2026-06-18T08:21:49.575Z',
      lastModified: '2026-06-18T18:40:53.892Z'
    },
    activity: {
      activeDurationSec: 2521,
      idleBreaks: 6,
      avgIntervalSec: 1954.5263157894738
    },
    diffStats: { linesAdded: 3, linesDeleted: 2, largeChangeEvents: 0 },
    patterns: { burstEdits: false, longPauseBeforeEdit: true },
    sourceHints: { possiblePaste: false, suspiciousJump: false }
  }
]
suggestion!! { name: 'Unmapped', requirementId: 0, confidence: 0 }
PATH : frontend/src/router/router.tsx
project root AFTER updating task manifest /Users/lukakhaja/TEST-39/Bitasmbl_im-tha-greatest-rn_b88_414
current mappings!! [
  {
    file: 'frontend/src/layouts/layout.tsx',
    requirementId: 898,
    requirementName: 'Define portfolio layout',
    changes: 7,
    modifiedRanges: [ [Object] ],
    timestamps: {
      firstModified: '2026-06-17T14:29:40.789Z',
      lastModified: '2026-06-18T08:18:01.950Z'
    },
    activity: {
      activeDurationSec: 1630,
      idleBreaks: 5,
      avgIntervalSec: 9156.857142857143
    },
    diffStats: { linesAdded: 25, linesDeleted: 0, largeChangeEvents: 0 },
    patterns: { burstEdits: false, longPauseBeforeEdit: true },
    sourceHints: { possiblePaste: false, suspiciousJump: false }
  }
]
suggestion!! {
  name: 'Implement navigation routing',
  requirementId: 900,
  confidence: 3
}
PATH : .bitasmbl/bitasmbl.tasks.json
PATH : .bitasmbl/bitasmbl.tasks.json
PATH : frontend/src/router/router.tsx
project root AFTER updating task manifest /Users/lukakhaja/TEST-39/Bitasmbl_im-tha-greatest-rn_b88_414
current mappings!! [
  {
    file: 'frontend/src/layouts/layout.tsx',
    requirementId: 898,
    requirementName: 'Define portfolio layout',
    changes: 7,
    modifiedRanges: [ [Object] ],
    timestamps: {
      firstModified: '2026-06-17T14:29:40.789Z',
      lastModified: '2026-06-18T08:18:01.950Z'
    },
    activity: {
      activeDurationSec: 1630,
      idleBreaks: 5,
      avgIntervalSec: 9156.857142857143
    },
    diffStats: { linesAdded: 25, linesDeleted: 0, largeChangeEvents: 0 },
    patterns: { burstEdits: false, longPauseBeforeEdit: true },
    sourceHints: { possiblePaste: false, suspiciousJump: false }
  }
]
suggestion!! {
  name: 'Implement navigation routing',
  requirementId: 900,
  confidence: 3
}
PATH : .bitasmbl/bitasmbl.tasks.json
PATH : bitasmbl.task.json
project root AFTER updating task manifest /Users/lukakhaja/TEST-39/Bitasmbl_im-tha-greatest-rn_b88_414
current mappings!! [
  {
    file: 'frontend/src/layouts/layout.tsx',
    requirementId: 898,
    requirementName: 'Define portfolio layout',
    changes: 7,
    modifiedRanges: [ [Object] ],
    timestamps: {
      firstModified: '2026-06-17T14:29:40.789Z',
      lastModified: '2026-06-18T08:18:01.950Z'
    },
    activity: {
      activeDurationSec: 1630,
      idleBreaks: 5,
      avgIntervalSec: 9156.857142857143
    },
    diffStats: { linesAdded: 25, linesDeleted: 0, largeChangeEvents: 0 },
    patterns: { burstEdits: false, longPauseBeforeEdit: true },
    sourceHints: { possiblePaste: false, suspiciousJump: false }
  },
  {
    file: 'frontend/src/router/router.tsx',
    requirementId: 900,
    requirementName: 'Implement navigation routing',
    changes: 21,
    modifiedRanges: [ [Object], [Object] ],
    timestamps: {
      firstModified: '2026-06-18T08:21:49.575Z',
      lastModified: '2026-06-18T18:59:33.166Z'
    },
    activity: {
      activeDurationSec: 2833,
      idleBreaks: 7,
      avgIntervalSec: 1821.6190476190477
    },
    diffStats: { linesAdded: 3, linesDeleted: 3, largeChangeEvents: 0 },
    patterns: { burstEdits: false, longPauseBeforeEdit: true },
    sourceHints: { possiblePaste: false, suspiciousJump: false }
  }
]
suggestion!! { name: 'Unmapped', requirementId: 0, confidence: 0 }
PATH : bitasmbl.task.json
project root AFTER updating task manifest /Users/lukakhaja/TEST-39/Bitasmbl_im-tha-greatest-rn_b88_414
current mappings!! [
  {
    file: 'frontend/src/layouts/layout.tsx',
    requirementId: 898,
    requirementName: 'Define portfolio layout',
    changes: 7,
    modifiedRanges: [ [Object] ],
    timestamps: {
      firstModified: '2026-06-17T14:29:40.789Z',
      lastModified: '2026-06-18T08:18:01.950Z'
    },
    activity: {
      activeDurationSec: 1630,
      idleBreaks: 5,
      avgIntervalSec: 9156.857142857143
    },
    diffStats: { linesAdded: 25, linesDeleted: 0, largeChangeEvents: 0 },
    patterns: { burstEdits: false, longPauseBeforeEdit: true },
    sourceHints: { possiblePaste: false, suspiciousJump: false }
  },
  {
    file: 'frontend/src/router/router.tsx',
    requirementId: 900,
    requirementName: 'Implement navigation routing',
    changes: 21,
    modifiedRanges: [ [Object], [Object] ],
    timestamps: {
      firstModified: '2026-06-18T08:21:49.575Z',
      lastModified: '2026-06-18T18:59:33.166Z'
    },
    activity: {
      activeDurationSec: 2833,
      idleBreaks: 7,
      avgIntervalSec: 1821.6190476190477
    },
    diffStats: { linesAdded: 3, linesDeleted: 3, largeChangeEvents: 0 },
    patterns: { burstEdits: false, longPauseBeforeEdit: true },
    sourceHints: { possiblePaste: false, suspiciousJump: false }
  }
]
suggestion!! { name: 'Unmapped', requirementId: 0, confidence: 0 }
PATH : bitasmbl.task.json
project root AFTER updating task manifest /Users/lukakhaja/TEST-39/Bitasmbl_im-tha-greatest-rn_b88_414
current mappings!! [
  {
    file: 'frontend/src/layouts/layout.tsx',
    requirementId: 898,
    requirementName: 'Define portfolio layout',
    changes: 7,
    modifiedRanges: [ [Object] ],
    timestamps: {
      firstModified: '2026-06-17T14:29:40.789Z',
      lastModified: '2026-06-18T08:18:01.950Z'
    },
    activity: {
      activeDurationSec: 1630,
      idleBreaks: 5,
      avgIntervalSec: 9156.857142857143
    },
    diffStats: { linesAdded: 25, linesDeleted: 0, largeChangeEvents: 0 },
    patterns: { burstEdits: false, longPauseBeforeEdit: true },
    sourceHints: { possiblePaste: false, suspiciousJump: false }
  },
  {
    file: 'frontend/src/router/router.tsx',
    requirementId: 900,
    requirementName: 'Implement navigation routing',
    changes: 21,
    modifiedRanges: [ [Object], [Object] ],
    timestamps: {
      firstModified: '2026-06-18T08:21:49.575Z',
      lastModified: '2026-06-18T18:59:33.166Z'
    },
    activity: {
      activeDurationSec: 2833,
      idleBreaks: 7,
      avgIntervalSec: 1821.6190476190477
    },
    diffStats: { linesAdded: 3, linesDeleted: 3, largeChangeEvents: 0 },
    patterns: { burstEdits: false, longPauseBeforeEdit: true },
    sourceHints: { possiblePaste: false, suspiciousJump: false }
  }
]
suggestion!! { name: 'Unmapped', requirementId: 0, confidence: 0 }
PATH : bitasmbl.task.json
project root AFTER updating task manifest /Users/lukakhaja/TEST-39/Bitasmbl_im-tha-greatest-rn_b88_414
current mappings!! [
  {
    file: 'frontend/src/layouts/layout.tsx',
    requirementId: 898,
    requirementName: 'Define portfolio layout',
    changes: 7,
    modifiedRanges: [ [Object] ],
    timestamps: {
      firstModified: '2026-06-17T14:29:40.789Z',
      lastModified: '2026-06-18T08:18:01.950Z'
    },
    activity: {
      activeDurationSec: 1630,
      idleBreaks: 5,
      avgIntervalSec: 9156.857142857143
    },
    diffStats: { linesAdded: 25, linesDeleted: 0, largeChangeEvents: 0 },
    patterns: { burstEdits: false, longPauseBeforeEdit: true },
    sourceHints: { possiblePaste: false, suspiciousJump: false }
  },
  {
    file: 'frontend/src/router/router.tsx',
    requirementId: 900,
    requirementName: 'Implement navigation routing',
    changes: 21,
    modifiedRanges: [ [Object], [Object] ],
    timestamps: {
      firstModified: '2026-06-18T08:21:49.575Z',
      lastModified: '2026-06-18T18:59:33.166Z'
    },
    activity: {
      activeDurationSec: 2833,
      idleBreaks: 7,
      avgIntervalSec: 1821.6190476190477
    },
    diffStats: { linesAdded: 3, linesDeleted: 3, largeChangeEvents: 0 },
    patterns: { burstEdits: false, longPauseBeforeEdit: true },
    sourceHints: { possiblePaste: false, suspiciousJump: false }
  }
]
suggestion!! { name: 'Unmapped', requirementId: 0, confidence: 0 }
PATH : frontend/src/router/router.tsx
project root AFTER updating task manifest /Users/lukakhaja/TEST-39/Bitasmbl_im-tha-greatest-rn_b88_414
current mappings!! [
  {
    file: 'frontend/src/layouts/layout.tsx',
    requirementId: 898,
    requirementName: 'Define portfolio layout',
    changes: 7,
    modifiedRanges: [ [Object] ],
    timestamps: {
      firstModified: '2026-06-17T14:29:40.789Z',
      lastModified: '2026-06-18T08:18:01.950Z'
    },
    activity: {
      activeDurationSec: 1630,
      idleBreaks: 5,
      avgIntervalSec: 9156.857142857143
    },
    diffStats: { linesAdded: 25, linesDeleted: 0, largeChangeEvents: 0 },
    patterns: { burstEdits: false, longPauseBeforeEdit: true },
    sourceHints: { possiblePaste: false, suspiciousJump: false }
  }
]
suggestion!! {
  name: 'Implement navigation routing',
  requirementId: 900,
  confidence: 3
}
PATH : .bitasmbl/bitasmbl.tasks.json
PATH : bitasmbl.task.json
project root AFTER updating task manifest /Users/lukakhaja/TEST-39/Bitasmbl_im-tha-greatest-rn_b88_414
current mappings!! [
  {
    file: 'frontend/src/layouts/layout.tsx',
    requirementId: 898,
    requirementName: 'Define portfolio layout',
    changes: 7,
    modifiedRanges: [ [Object] ],
    timestamps: {
      firstModified: '2026-06-17T14:29:40.789Z',
      lastModified: '2026-06-18T08:18:01.950Z'
    },
    activity: {
      activeDurationSec: 1630,
      idleBreaks: 5,
      avgIntervalSec: 9156.857142857143
    },
    diffStats: { linesAdded: 25, linesDeleted: 0, largeChangeEvents: 0 },
    patterns: { burstEdits: false, longPauseBeforeEdit: true },
    sourceHints: { possiblePaste: false, suspiciousJump: false }
  },
  {
    file: 'frontend/src/router/router.tsx',
    requirementId: 900,
    requirementName: 'Implement navigation routing',
    changes: 22,
    modifiedRanges: [ [Object] ],
    timestamps: {
      firstModified: '2026-06-18T08:21:49.575Z',
      lastModified: '2026-06-18T19:03:15.731Z'
    },
    activity: {
      activeDurationSec: 3055,
      idleBreaks: 7,
      avgIntervalSec: 1748.909090909091
    },
    diffStats: { linesAdded: 1, linesDeleted: 1, largeChangeEvents: 0 },
    patterns: { burstEdits: false, longPauseBeforeEdit: true },
    sourceHints: { possiblePaste: false, suspiciousJump: false }
  }
]
suggestion!! { name: 'Unmapped', requirementId: 0, confidence: 0 }
PATH : frontend/src/router/router.tsx
project root AFTER updating task manifest /Users/lukakhaja/TEST-39/Bitasmbl_im-tha-greatest-rn_b88_414
current mappings!! [
  {
    file: 'frontend/src/layouts/layout.tsx',
    requirementId: 898,
    requirementName: 'Define portfolio layout',
    changes: 7,
    modifiedRanges: [ [Object] ],
    timestamps: {
      firstModified: '2026-06-17T14:29:40.789Z',
      lastModified: '2026-06-18T08:18:01.950Z'
    },
    activity: {
      activeDurationSec: 1630,
      idleBreaks: 5,
      avgIntervalSec: 9156.857142857143
    },
    diffStats: { linesAdded: 25, linesDeleted: 0, largeChangeEvents: 0 },
    patterns: { burstEdits: false, longPauseBeforeEdit: true },
    sourceHints: { possiblePaste: false, suspiciousJump: false }
  }
]
suggestion!! {
  name: 'Implement navigation routing',
  requirementId: 900,
  confidence: 3
}
PATH : .bitasmbl/bitasmbl.tasks.json
PATH : .bitasmbl/bitasmbl.tasks.json
PATH : frontend/src/router/router.tsx
project root AFTER updating task manifest /Users/lukakhaja/TEST-39/Bitasmbl_im-tha-greatest-rn_b88_414
current mappings!! [
  {
    file: 'frontend/src/layouts/layout.tsx',
    requirementId: 898,
    requirementName: 'Define portfolio layout',
    changes: 7,
    modifiedRanges: [ [Object] ],
    timestamps: {
      firstModified: '2026-06-17T14:29:40.789Z',
      lastModified: '2026-06-18T08:18:01.950Z'
    },
    activity: {
      activeDurationSec: 1630,
      idleBreaks: 5,
      avgIntervalSec: 9156.857142857143
    },
    diffStats: { linesAdded: 25, linesDeleted: 0, largeChangeEvents: 0 },
    patterns: { burstEdits: false, longPauseBeforeEdit: true },
    sourceHints: { possiblePaste: false, suspiciousJump: false }
  }
]
suggestion!! {
  name: 'Implement navigation routing',
  requirementId: 900,
  confidence: 3
}
PATH : .bitasmbl/bitasmbl.tasks.json
PATH : bitasmbl.task.json
project root AFTER updating task manifest /Users/lukakhaja/TEST-39/Bitasmbl_im-tha-greatest-rn_b88_414
current mappings!! [
  {
    file: 'frontend/src/layouts/layout.tsx',
    requirementId: 898,
    requirementName: 'Define portfolio layout',
    changes: 7,
    modifiedRanges: [ [Object] ],
    timestamps: {
      firstModified: '2026-06-17T14:29:40.789Z',
      lastModified: '2026-06-18T08:18:01.950Z'
    },
    activity: {
      activeDurationSec: 1630,
      idleBreaks: 5,
      avgIntervalSec: 9156.857142857143
    },
    diffStats: { linesAdded: 25, linesDeleted: 0, largeChangeEvents: 0 },
    patterns: { burstEdits: false, longPauseBeforeEdit: true },
    sourceHints: { possiblePaste: false, suspiciousJump: false }
  },
  {
    file: 'frontend/src/router/router.tsx',
    requirementId: 900,
    requirementName: 'Implement navigation routing',
    changes: 24,
    modifiedRanges: [ [Object], [Object] ],
    timestamps: {
      firstModified: '2026-06-18T08:21:49.575Z',
      lastModified: '2026-06-18T19:07:19.911Z'
    },
    activity: {
      activeDurationSec: 3298,
      idleBreaks: 7,
      avgIntervalSec: 1613.2916666666667
    },
    diffStats: { linesAdded: 2, linesDeleted: 2, largeChangeEvents: 0 },
    patterns: { burstEdits: false, longPauseBeforeEdit: true },
    sourceHints: { possiblePaste: false, suspiciousJump: false }
  }
]
suggestion!! { name: 'Unmapped', requirementId: 0, confidence: 0 }
PATH : frontend/src/router/router.tsx
project root AFTER updating task manifest /Users/lukakhaja/TEST-39/Bitasmbl_im-tha-greatest-rn_b88_414
Watcher Sync Error: ExecaError: Command failed with exit code 128: git add -- frontend/src/router/router.tsx

fatal: Unable to create '/Users/lukakhaja/TEST-39/Bitasmbl_im-tha-greatest-rn_b88_414/.git/index.lock': File exists.

Another git process seems to be running in this repository, e.g.
an editor opened by 'git commit'. Please make sure all processes
are terminated then try again. If it still fails, a git process
may have crashed in this repository earlier:
remove the file manually to continue.
    at getFinalError (file:///Users/lukakhaja/Desktop/bitasmbl-cli/node_modules/execa/lib/return/final-error.js:6:9)
    at makeError (file:///Users/lukakhaja/Desktop/bitasmbl-cli/node_modules/execa/lib/return/result.js:108:16)
    at getAsyncResult (file:///Users/lukakhaja/Desktop/bitasmbl-cli/node_modules/execa/lib/methods/main-async.js:168:4)
    at handlePromise (file:///Users/lukakhaja/Desktop/bitasmbl-cli/node_modules/execa/lib/methods/main-async.js:151:17)
    at async updateTaskManifest (file:///Users/lukakhaja/Desktop/bitasmbl-cli/dist/commands/watch.js:155:9) {
  shortMessage: 'Command failed with exit code 128: git add -- frontend/src/router/router.tsx',
  command: 'git add -- frontend/src/router/router.tsx',
  escapedCommand: 'git add -- frontend/src/router/router.tsx',
  cwd: '/Users/lukakhaja/TEST-39/Bitasmbl_im-tha-greatest-rn_b88_414',
  durationMs: 11.317291,
  failed: true,
  timedOut: false,
  isCanceled: false,
  isGracefullyCanceled: false,
  isTerminated: false,
  isMaxBuffer: false,
  isForcefullyTerminated: false,
  exitCode: 128,
  stdout: '',
  stderr: "fatal: Unable to create '/Users/lukakhaja/TEST-39/Bitasmbl_im-tha-greatest-rn_b88_414/.git/index.lock': File exists.\n" +
    '\n' +
    'Another git process seems to be running in this repository, e.g.\n' +
    "an editor opened by 'git commit'. Please make sure all processes\n" +
    'are terminated then try again. If it still fails, a git process\n' +
    'may have crashed in this repository earlier:\n' +
    'remove the file manually to continue.',
  stdio: [
    undefined,
    '',
    "fatal: Unable to create '/Users/lukakhaja/TEST-39/Bitasmbl_im-tha-greatest-rn_b88_414/.git/index.lock': File exists.\n" +
      '\n' +
      'Another git process seems to be running in this repository, e.g.\n' +
      "an editor opened by 'git commit'. Please make sure all processes\n" +
      'are terminated then try again. If it still fails, a git process\n' +
      'may have crashed in this repository earlier:\n' +
      'remove the file manually to continue.'
  ],
  ipcOutput: [],
  pipedFrom: []
} router.tsx
PATH : .bitasmbl/bitasmbl.tasks.json
PATH : frontend/src/router/router.tsx
project root AFTER updating task manifest /Users/lukakhaja/TEST-39/Bitasmbl_im-tha-greatest-rn_b88_414
current mappings!! [
  {
    file: 'frontend/src/layouts/layout.tsx',
    requirementId: 898,
    requirementName: 'Define portfolio layout',
    changes: 7,
    modifiedRanges: [ [Object] ],
    timestamps: {
      firstModified: '2026-06-17T14:29:40.789Z',
      lastModified: '2026-06-18T08:18:01.950Z'
    },
    activity: {
      activeDurationSec: 1630,
      idleBreaks: 5,
      avgIntervalSec: 9156.857142857143
    },
    diffStats: { linesAdded: 25, linesDeleted: 0, largeChangeEvents: 0 },
    patterns: { burstEdits: false, longPauseBeforeEdit: true },
    sourceHints: { possiblePaste: false, suspiciousJump: false }
  }
]
suggestion!! {
  name: 'Implement navigation routing',
  requirementId: 900,
  confidence: 3
}
PATH : .bitasmbl/bitasmbl.tasks.json
PATH : frontend/src/router/router.tsx
project root AFTER updating task manifest /Users/lukakhaja/TEST-39/Bitasmbl_im-tha-greatest-rn_b88_414
current mappings!! [
  {
    file: 'frontend/src/layouts/layout.tsx',
    requirementId: 898,
    requirementName: 'Define portfolio layout',
    changes: 7,
    modifiedRanges: [ [Object] ],
    timestamps: {
      firstModified: '2026-06-17T14:29:40.789Z',
      lastModified: '2026-06-18T08:18:01.950Z'
    },
    activity: {
      activeDurationSec: 1630,
      idleBreaks: 5,
      avgIntervalSec: 9156.857142857143
    },
    diffStats: { linesAdded: 25, linesDeleted: 0, largeChangeEvents: 0 },
    patterns: { burstEdits: false, longPauseBeforeEdit: true },
    sourceHints: { possiblePaste: false, suspiciousJump: false }
  }
]
suggestion!! {
  name: 'Implement navigation routing',
  requirementId: 900,
  confidence: 3
}
PATH : .bitasmbl/bitasmbl.tasks.json
PATH : bitasmbl.task.json
project root AFTER updating task manifest /Users/lukakhaja/TEST-39/Bitasmbl_im-tha-greatest-rn_b88_414
current mappings!! [
  {
    file: 'frontend/src/layouts/layout.tsx',
    requirementId: 898,
    requirementName: 'Define portfolio layout',
    changes: 7,
    modifiedRanges: [ [Object] ],
    timestamps: {
      firstModified: '2026-06-17T14:29:40.789Z',
      lastModified: '2026-06-18T08:18:01.950Z'
    },
    activity: {
      activeDurationSec: 1630,
      idleBreaks: 5,
      avgIntervalSec: 9156.857142857143
    },
    diffStats: { linesAdded: 25, linesDeleted: 0, largeChangeEvents: 0 },
    patterns: { burstEdits: false, longPauseBeforeEdit: true },
    sourceHints: { possiblePaste: false, suspiciousJump: false }
  },
  {
    file: 'frontend/src/router/router.tsx',
    requirementId: 900,
    requirementName: 'Implement navigation routing',
    changes: 26,
    modifiedRanges: [ [Object] ],
    timestamps: {
      firstModified: '2026-06-18T08:21:49.575Z',
      lastModified: '2026-06-18T19:27:48.353Z'
    },
    activity: {
      activeDurationSec: 3898,
      idleBreaks: 9,
      avgIntervalSec: 1536.3846153846155
    },
    diffStats: { linesAdded: 1, linesDeleted: 1, largeChangeEvents: 0 },
    patterns: { burstEdits: false, longPauseBeforeEdit: true },
    sourceHints: { possiblePaste: false, suspiciousJump: false }
  }
]
suggestion!! { name: 'Unmapped', requirementId: 0, confidence: 0 }
PATH : frontend/src/router/router.tsx
project root AFTER updating task manifest /Users/lukakhaja/TEST-39/Bitasmbl_im-tha-greatest-rn_b88_414
Watcher Sync Error: ExecaError: Command failed with exit code 128: git add -- frontend/src/router/router.tsx

fatal: Unable to create '/Users/lukakhaja/TEST-39/Bitasmbl_im-tha-greatest-rn_b88_414/.git/index.lock': File exists.

Another git process seems to be running in this repository, e.g.
an editor opened by 'git commit'. Please make sure all processes
are terminated then try again. If it still fails, a git process
may have crashed in this repository earlier:
remove the file manually to continue.
    at getFinalError (file:///Users/lukakhaja/Desktop/bitasmbl-cli/node_modules/execa/lib/return/final-error.js:6:9)
    at makeError (file:///Users/lukakhaja/Desktop/bitasmbl-cli/node_modules/execa/lib/return/result.js:108:16)
    at getAsyncResult (file:///Users/lukakhaja/Desktop/bitasmbl-cli/node_modules/execa/lib/methods/main-async.js:168:4)
    at handlePromise (file:///Users/lukakhaja/Desktop/bitasmbl-cli/node_modules/execa/lib/methods/main-async.js:151:17)
    at async updateTaskManifest (file:///Users/lukakhaja/Desktop/bitasmbl-cli/dist/commands/watch.js:155:9) {
  shortMessage: 'Command failed with exit code 128: git add -- frontend/src/router/router.tsx',
  command: 'git add -- frontend/src/router/router.tsx',
  escapedCommand: 'git add -- frontend/src/router/router.tsx',
  cwd: '/Users/lukakhaja/TEST-39/Bitasmbl_im-tha-greatest-rn_b88_414',
  durationMs: 11.9215,
  failed: true,
  timedOut: false,
  isCanceled: false,
  isGracefullyCanceled: false,
  isTerminated: false,
  isMaxBuffer: false,
  isForcefullyTerminated: false,
  exitCode: 128,
  stdout: '',
  stderr: "fatal: Unable to create '/Users/lukakhaja/TEST-39/Bitasmbl_im-tha-greatest-rn_b88_414/.git/index.lock': File exists.\n" +
    '\n' +
    'Another git process seems to be running in this repository, e.g.\n' +
    "an editor opened by 'git commit'. Please make sure all processes\n" +
    'are terminated then try again. If it still fails, a git process\n' +
    'may have crashed in this repository earlier:\n' +
    'remove the file manually to continue.',
  stdio: [
    undefined,
    '',
    "fatal: Unable to create '/Users/lukakhaja/TEST-39/Bitasmbl_im-tha-greatest-rn_b88_414/.git/index.lock': File exists.\n" +
      '\n' +
      'Another git process seems to be running in this repository, e.g.\n' +
      "an editor opened by 'git commit'. Please make sure all processes\n" +
      'are terminated then try again. If it still fails, a git process\n' +
      'may have crashed in this repository earlier:\n' +
      'remove the file manually to continue.'
  ],
  ipcOutput: [],
  pipedFrom: []
} router.tsx
PATH : .bitasmbl/bitasmbl.tasks.json
PATH : frontend/src/router/router.tsx
project root AFTER updating task manifest /Users/lukakhaja/TEST-39/Bitasmbl_im-tha-greatest-rn_b88_414
current mappings!! [
  {
    file: 'frontend/src/layouts/layout.tsx',
    requirementId: 898,
    requirementName: 'Define portfolio layout',
    changes: 7,
    modifiedRanges: [ [Object] ],
    timestamps: {
      firstModified: '2026-06-17T14:29:40.789Z',
      lastModified: '2026-06-18T08:18:01.950Z'
    },
    activity: {
      activeDurationSec: 1630,
      idleBreaks: 5,
      avgIntervalSec: 9156.857142857143
    },
    diffStats: { linesAdded: 25, linesDeleted: 0, largeChangeEvents: 0 },
    patterns: { burstEdits: false, longPauseBeforeEdit: true },
    sourceHints: { possiblePaste: false, suspiciousJump: false }
  }
]
suggestion!! {
  name: 'Implement navigation routing',
  requirementId: 900,
  confidence: 3
}
PATH : .bitasmbl/bitasmbl.tasks.json
PATH : bitasmbl.task.json
project root AFTER updating task manifest /Users/lukakhaja/TEST-39/Bitasmbl_im-tha-greatest-rn_b88_414
current mappings!! [
  {
    file: 'frontend/src/layouts/layout.tsx',
    requirementId: 898,
    requirementName: 'Define portfolio layout',
    changes: 7,
    modifiedRanges: [ [Object] ],
    timestamps: {
      firstModified: '2026-06-17T14:29:40.789Z',
      lastModified: '2026-06-18T08:18:01.950Z'
    },
    activity: {
      activeDurationSec: 1630,
      idleBreaks: 5,
      avgIntervalSec: 9156.857142857143
    },
    diffStats: { linesAdded: 25, linesDeleted: 0, largeChangeEvents: 0 },
    patterns: { burstEdits: false, longPauseBeforeEdit: true },
    sourceHints: { possiblePaste: false, suspiciousJump: false }
  },
  {
    file: 'frontend/src/router/router.tsx',
    requirementId: 900,
    requirementName: 'Implement navigation routing',
    changes: 27,
    modifiedRanges: [ [Object], [Object] ],
    timestamps: {
      firstModified: '2026-06-18T08:21:49.575Z',
      lastModified: '2026-06-18T19:34:21.111Z'
    },
    activity: { activeDurationSec: 4198, idleBreaks: 10, avgIntervalSec: 1494 },
    diffStats: { linesAdded: 2, linesDeleted: 2, largeChangeEvents: 0 },
    patterns: { burstEdits: false, longPauseBeforeEdit: true },
    sourceHints: { possiblePaste: false, suspiciousJump: false }
  }
]
suggestion!! { name: 'Unmapped', requirementId: 0, confidence: 0 }
PATH : frontend/src/router/router.tsx
project root AFTER updating task manifest /Users/lukakhaja/TEST-39/Bitasmbl_im-tha-greatest-rn_b88_414
current mappings!! [
  {
    file: 'frontend/src/layouts/layout.tsx',
    requirementId: 898,
    requirementName: 'Define portfolio layout',
    changes: 7,
    modifiedRanges: [ [Object] ],
    timestamps: {
      firstModified: '2026-06-17T14:29:40.789Z',
      lastModified: '2026-06-18T08:18:01.950Z'
    },
    activity: {
      activeDurationSec: 1630,
      idleBreaks: 5,
      avgIntervalSec: 9156.857142857143
    },
    diffStats: { linesAdded: 25, linesDeleted: 0, largeChangeEvents: 0 },
    patterns: { burstEdits: false, longPauseBeforeEdit: true },
    sourceHints: { possiblePaste: false, suspiciousJump: false }
  }
]
suggestion!! {
  name: 'Implement navigation routing',
  requirementId: 900,
  confidence: 3
}
PATH : .bitasmbl/bitasmbl.tasks.json
PATH : bitasmbl.task.json
project root AFTER updating task manifest /Users/lukakhaja/TEST-39/Bitasmbl_im-tha-greatest-rn_b88_414
current mappings!! [
  {
    file: 'frontend/src/layouts/layout.tsx',
    requirementId: 898,
    requirementName: 'Define portfolio layout',
    changes: 7,
    modifiedRanges: [ [Object] ],
    timestamps: {
      firstModified: '2026-06-17T14:29:40.789Z',
      lastModified: '2026-06-18T08:18:01.950Z'
    },
    activity: {
      activeDurationSec: 1630,
      idleBreaks: 5,
      avgIntervalSec: 9156.857142857143
    },
    diffStats: { linesAdded: 25, linesDeleted: 0, largeChangeEvents: 0 },
    patterns: { burstEdits: false, longPauseBeforeEdit: true },
    sourceHints: { possiblePaste: false, suspiciousJump: false }
  },
  {
    file: 'frontend/src/router/router.tsx',
    requirementId: 900,
    requirementName: 'Implement navigation routing',
    changes: 28,
    modifiedRanges: [ [Object] ],
    timestamps: {
      firstModified: '2026-06-18T08:21:49.575Z',
      lastModified: '2026-06-18T19:34:28.873Z'
    },
    activity: {
      activeDurationSec: 4205,
      idleBreaks: 10,
      avgIntervalSec: 1440.892857142857
    },
    diffStats: { linesAdded: 1, linesDeleted: 1, largeChangeEvents: 0 },
    patterns: { burstEdits: false, longPauseBeforeEdit: true },
    sourceHints: { possiblePaste: false, suspiciousJump: false }
  }
]
suggestion!! { name: 'Unmapped', requirementId: 0, confidence: 0 }
PATH : frontend/src/router/router.tsx
project root AFTER updating task manifest /Users/lukakhaja/TEST-39/Bitasmbl_im-tha-greatest-rn_b88_414
current mappings!! [
  {
    file: 'frontend/src/layouts/layout.tsx',
    requirementId: 898,
    requirementName: 'Define portfolio layout',
    changes: 7,
    modifiedRanges: [ [Object] ],
    timestamps: {
      firstModified: '2026-06-17T14:29:40.789Z',
      lastModified: '2026-06-18T08:18:01.950Z'
    },
    activity: {
      activeDurationSec: 1630,
      idleBreaks: 5,
      avgIntervalSec: 9156.857142857143
    },
    diffStats: { linesAdded: 25, linesDeleted: 0, largeChangeEvents: 0 },
    patterns: { burstEdits: false, longPauseBeforeEdit: true },
    sourceHints: { possiblePaste: false, suspiciousJump: false }
  }
]
suggestion!! {
  name: 'Implement navigation routing',
  requirementId: 900,
  confidence: 3
}
PATH : .bitasmbl/bitasmbl.tasks.json
PATH : .bitasmbl/bitasmbl.tasks.json
PATH : frontend/src/router/router.tsx
project root AFTER updating task manifest /Users/lukakhaja/TEST-39/Bitasmbl_im-tha-greatest-rn_b88_414
current mappings!! [
  {
    file: 'frontend/src/layouts/layout.tsx',
    requirementId: 898,
    requirementName: 'Define portfolio layout',
    changes: 7,
    modifiedRanges: [ [Object] ],
    timestamps: {
      firstModified: '2026-06-17T14:29:40.789Z',
      lastModified: '2026-06-18T08:18:01.950Z'
    },
    activity: {
      activeDurationSec: 1630,
      idleBreaks: 5,
      avgIntervalSec: 9156.857142857143
    },
    diffStats: { linesAdded: 25, linesDeleted: 0, largeChangeEvents: 0 },
    patterns: { burstEdits: false, longPauseBeforeEdit: true },
    sourceHints: { possiblePaste: false, suspiciousJump: false }
  }
]
suggestion!! {
  name: 'Implement navigation routing',
  requirementId: 900,
  confidence: 3
}
PATH : .bitasmbl/bitasmbl.tasks.json
PATH : frontend/src/router/router.tsx
project root AFTER updating task manifest /Users/lukakhaja/TEST-39/Bitasmbl_im-tha-greatest-rn_b88_414
current mappings!! [
  {
    file: 'frontend/src/layouts/layout.tsx',
    requirementId: 898,
    requirementName: 'Define portfolio layout',
    changes: 7,
    modifiedRanges: [ [Object] ],
    timestamps: {
      firstModified: '2026-06-17T14:29:40.789Z',
      lastModified: '2026-06-18T08:18:01.950Z'
    },
    activity: {
      activeDurationSec: 1630,
      idleBreaks: 5,
      avgIntervalSec: 9156.857142857143
    },
    diffStats: { linesAdded: 25, linesDeleted: 0, largeChangeEvents: 0 },
    patterns: { burstEdits: false, longPauseBeforeEdit: true },
    sourceHints: { possiblePaste: false, suspiciousJump: false }
  }
]
suggestion!! {
  name: 'Implement navigation routing',
  requirementId: 900,
  confidence: 3
}
PATH : .bitasmbl/bitasmbl.tasks.json
PATH : frontend/src/router/router.tsx
project root AFTER updating task manifest /Users/lukakhaja/TEST-39/Bitasmbl_im-tha-greatest-rn_b88_414
current mappings!! [
  {
    file: 'frontend/src/layouts/layout.tsx',
    requirementId: 898,
    requirementName: 'Define portfolio layout',
    changes: 7,
    modifiedRanges: [ [Object] ],
    timestamps: {
      firstModified: '2026-06-17T14:29:40.789Z',
      lastModified: '2026-06-18T08:18:01.950Z'
    },
    activity: {
      activeDurationSec: 1630,
      idleBreaks: 5,
      avgIntervalSec: 9156.857142857143
    },
    diffStats: { linesAdded: 25, linesDeleted: 0, largeChangeEvents: 0 },
    patterns: { burstEdits: false, longPauseBeforeEdit: true },
    sourceHints: { possiblePaste: false, suspiciousJump: false }
  }
]
suggestion!! {
  name: 'Implement navigation routing',
  requirementId: 900,
  confidence: 3
}
PATH : .bitasmbl/bitasmbl.tasks.json
PATH : bitasmbl.task.json
project root AFTER updating task manifest /Users/lukakhaja/TEST-39/Bitasmbl_im-tha-greatest-rn_b88_414
current mappings!! [
  {
    file: 'frontend/src/layouts/layout.tsx',
    requirementId: 898,
    requirementName: 'Define portfolio layout',
    changes: 7,
    modifiedRanges: [ [Object] ],
    timestamps: {
      firstModified: '2026-06-17T14:29:40.789Z',
      lastModified: '2026-06-18T08:18:01.950Z'
    },
    activity: {
      activeDurationSec: 1630,
      idleBreaks: 5,
      avgIntervalSec: 9156.857142857143
    },
    diffStats: { linesAdded: 25, linesDeleted: 0, largeChangeEvents: 0 },
    patterns: { burstEdits: false, longPauseBeforeEdit: true },
    sourceHints: { possiblePaste: false, suspiciousJump: false }
  },
  {
    file: 'frontend/src/router/router.tsx',
    requirementId: 900,
    requirementName: 'Implement navigation routing',
    changes: 32,
    modifiedRanges: [ [Object], [Object], [Object] ],
    timestamps: {
      firstModified: '2026-06-18T08:21:49.575Z',
      lastModified: '2026-06-18T19:37:07.405Z'
    },
    activity: {
      activeDurationSec: 4361,
      idleBreaks: 10,
      avgIntervalSec: 1265.65625
    },
    diffStats: { linesAdded: 25, linesDeleted: 2, largeChangeEvents: 0 },
    patterns: { burstEdits: false, longPauseBeforeEdit: true },
    sourceHints: { possiblePaste: false, suspiciousJump: false }
  }
]
suggestion!! { name: 'Unmapped', requirementId: 0, confidence: 0 }
PATH : frontend/src/router/router.tsx
project root AFTER updating task manifest /Users/lukakhaja/TEST-39/Bitasmbl_im-tha-greatest-rn_b88_414
current mappings!! [
  {
    file: 'frontend/src/layouts/layout.tsx',
    requirementId: 898,
    requirementName: 'Define portfolio layout',
    changes: 7,
    modifiedRanges: [ [Object] ],
    timestamps: {
      firstModified: '2026-06-17T14:29:40.789Z',
      lastModified: '2026-06-18T08:18:01.950Z'
    },
    activity: {
      activeDurationSec: 1630,
      idleBreaks: 5,
      avgIntervalSec: 9156.857142857143
    },
    diffStats: { linesAdded: 25, linesDeleted: 0, largeChangeEvents: 0 },
    patterns: { burstEdits: false, longPauseBeforeEdit: true },
    sourceHints: { possiblePaste: false, suspiciousJump: false }
  }
]
suggestion!! {
  name: 'Implement navigation routing',
  requirementId: 900,
  confidence: 3
}
PATH : .bitasmbl/bitasmbl.tasks.json
PATH : .bitasmbl/bitasmbl.tasks.json
PATH : frontend/src/router/router.tsx
project root AFTER updating task manifest /Users/lukakhaja/TEST-39/Bitasmbl_im-tha-greatest-rn_b88_414
current mappings!! [
  {
    file: 'frontend/src/layouts/layout.tsx',
    requirementId: 898,
    requirementName: 'Define portfolio layout',
    changes: 7,
    modifiedRanges: [ [Object] ],
    timestamps: {
      firstModified: '2026-06-17T14:29:40.789Z',
      lastModified: '2026-06-18T08:18:01.950Z'
    },
    activity: {
      activeDurationSec: 1630,
      idleBreaks: 5,
      avgIntervalSec: 9156.857142857143
    },
    diffStats: { linesAdded: 25, linesDeleted: 0, largeChangeEvents: 0 },
    patterns: { burstEdits: false, longPauseBeforeEdit: true },
    sourceHints: { possiblePaste: false, suspiciousJump: false }
  }
]
suggestion!! {
  name: 'Implement navigation routing',
  requirementId: 900,
  confidence: 3
}
PATH : .bitasmbl/bitasmbl.tasks.json
PATH : frontend/src/router/router.tsx
project root AFTER updating task manifest /Users/lukakhaja/TEST-39/Bitasmbl_im-tha-greatest-rn_b88_414
current mappings!! [
  {
    file: 'frontend/src/layouts/layout.tsx',
    requirementId: 898,
    requirementName: 'Define portfolio layout',
    changes: 7,
    modifiedRanges: [ [Object] ],
    timestamps: {
      firstModified: '2026-06-17T14:29:40.789Z',
      lastModified: '2026-06-18T08:18:01.950Z'
    },
    activity: {
      activeDurationSec: 1630,
      idleBreaks: 5,
      avgIntervalSec: 9156.857142857143
    },
    diffStats: { linesAdded: 25, linesDeleted: 0, largeChangeEvents: 0 },
    patterns: { burstEdits: false, longPauseBeforeEdit: true },
    sourceHints: { possiblePaste: false, suspiciousJump: false }
  }
]
suggestion!! {
  name: 'Implement navigation routing',
  requirementId: 900,
  confidence: 3
}
PATH : .bitasmbl/bitasmbl.tasks.json
PATH : frontend/src/layouts/layout.tsx
project root AFTER updating task manifest /Users/lukakhaja/TEST-39/Bitasmbl_im-tha-greatest-rn_b88_414
current mappings!! [
  {
    file: 'frontend/src/router/router.tsx',
    requirementId: 900,
    requirementName: 'Implement navigation routing',
    changes: 35,
    modifiedRanges: [ [Object], [Object], [Object] ],
    timestamps: {
      firstModified: '2026-06-18T08:21:49.575Z',
      lastModified: '2026-06-19T08:26:43.757Z'
    },
    activity: {
      activeDurationSec: 4689,
      idleBreaks: 11,
      avgIntervalSec: 2476.457142857143
    },
    diffStats: { linesAdded: 13, linesDeleted: 2, largeChangeEvents: 0 },
    patterns: { burstEdits: false, longPauseBeforeEdit: true },
    sourceHints: { possiblePaste: false, suspiciousJump: false }
  }
]
suggestion!! { name: 'Define portfolio layout', requirementId: 898, confidence: 3 }
PATH : .bitasmbl/bitasmbl.tasks.json
PATH : frontend/src/layouts/layout.tsx
project root AFTER updating task manifest /Users/lukakhaja/TEST-39/Bitasmbl_im-tha-greatest-rn_b88_414
current mappings!! [
  {
    file: 'frontend/src/router/router.tsx',
    requirementId: 900,
    requirementName: 'Implement navigation routing',
    changes: 35,
    modifiedRanges: [ [Object], [Object], [Object] ],
    timestamps: {
      firstModified: '2026-06-18T08:21:49.575Z',
      lastModified: '2026-06-19T08:26:43.757Z'
    },
    activity: {
      activeDurationSec: 4689,
      idleBreaks: 11,
      avgIntervalSec: 2476.457142857143
    },
    diffStats: { linesAdded: 13, linesDeleted: 2, largeChangeEvents: 0 },
    patterns: { burstEdits: false, longPauseBeforeEdit: true },
    sourceHints: { possiblePaste: false, suspiciousJump: false }
  }
]
suggestion!! { name: 'Define portfolio layout', requirementId: 898, confidence: 3 }
PATH : .bitasmbl/bitasmbl.tasks.json
PATH : frontend/src/layouts/layout.tsx
project root AFTER updating task manifest /Users/lukakhaja/TEST-39/Bitasmbl_im-tha-greatest-rn_b88_414
current mappings!! [
  {
    file: 'frontend/src/router/router.tsx',
    requirementId: 900,
    requirementName: 'Implement navigation routing',
    changes: 35,
    modifiedRanges: [ [Object], [Object], [Object] ],
    timestamps: {
      firstModified: '2026-06-18T08:21:49.575Z',
      lastModified: '2026-06-19T08:26:43.757Z'
    },
    activity: {
      activeDurationSec: 4689,
      idleBreaks: 11,
      avgIntervalSec: 2476.457142857143
    },
    diffStats: { linesAdded: 13, linesDeleted: 2, largeChangeEvents: 0 },
    patterns: { burstEdits: false, longPauseBeforeEdit: true },
    sourceHints: { possiblePaste: false, suspiciousJump: false }
  }
]
suggestion!! { name: 'Define portfolio layout', requirementId: 898, confidence: 3 }
PATH : .bitasmbl/bitasmbl.tasks.json
PATH : frontend/package-lock.json
project root AFTER updating task manifest /Users/lukakhaja/TEST-39/Bitasmbl_im-tha-greatest-rn_b88_414
PATH : frontend/src/layouts/layout.tsx
project root AFTER updating task manifest /Users/lukakhaja/TEST-39/Bitasmbl_im-tha-greatest-rn_b88_414
Watcher Sync Error: ExecaError: Command failed with exit code 128: git add -- frontend/src/layouts/layout.tsx

fatal: Unable to create '/Users/lukakhaja/TEST-39/Bitasmbl_im-tha-greatest-rn_b88_414/.git/index.lock': File exists.

Another git process seems to be running in this repository, e.g.
an editor opened by 'git commit'. Please make sure all processes
are terminated then try again. If it still fails, a git process
may have crashed in this repository earlier:
remove the file manually to continue.
    at getFinalError (file:///Users/lukakhaja/Desktop/bitasmbl-cli/node_modules/execa/lib/return/final-error.js:6:9)
    at makeError (file:///Users/lukakhaja/Desktop/bitasmbl-cli/node_modules/execa/lib/return/result.js:108:16)
    at getAsyncResult (file:///Users/lukakhaja/Desktop/bitasmbl-cli/node_modules/execa/lib/methods/main-async.js:168:4)
    at handlePromise (file:///Users/lukakhaja/Desktop/bitasmbl-cli/node_modules/execa/lib/methods/main-async.js:151:17)
    at async updateTaskManifest (file:///Users/lukakhaja/Desktop/bitasmbl-cli/dist/commands/watch.js:155:9) {
  shortMessage: 'Command failed with exit code 128: git add -- frontend/src/layouts/layout.tsx',
  command: 'git add -- frontend/src/layouts/layout.tsx',
  escapedCommand: 'git add -- frontend/src/layouts/layout.tsx',
  cwd: '/Users/lukakhaja/TEST-39/Bitasmbl_im-tha-greatest-rn_b88_414',
  durationMs: 8.898375,
  failed: true,
  timedOut: false,
  isCanceled: false,
  isGracefullyCanceled: false,
  isTerminated: false,
  isMaxBuffer: false,
  isForcefullyTerminated: false,
  exitCode: 128,
  stdout: '',
  stderr: "fatal: Unable to create '/Users/lukakhaja/TEST-39/Bitasmbl_im-tha-greatest-rn_b88_414/.git/index.lock': File exists.\n" +
    '\n' +
    'Another git process seems to be running in this repository, e.g.\n' +
    "an editor opened by 'git commit'. Please make sure all processes\n" +
    'are terminated then try again. If it still fails, a git process\n' +
    'may have crashed in this repository earlier:\n' +
    'remove the file manually to continue.',
  stdio: [
    undefined,
    '',
    "fatal: Unable to create '/Users/lukakhaja/TEST-39/Bitasmbl_im-tha-greatest-rn_b88_414/.git/index.lock': File exists.\n" +
      '\n' +
      'Another git process seems to be running in this repository, e.g.\n' +
      "an editor opened by 'git commit'. Please make sure all processes\n" +
      'are terminated then try again. If it still fails, a git process\n' +
      'may have crashed in this repository earlier:\n' +
      'remove the file manually to continue.'
  ],
  ipcOutput: [],
  pipedFrom: []
} layout.tsx
current mappings!! [
  {
    file: 'frontend/src/router/router.tsx',
    requirementId: 900,
    requirementName: 'Implement navigation routing',
    changes: 35,
    modifiedRanges: [ [Object], [Object], [Object] ],
    timestamps: {
      firstModified: '2026-06-18T08:21:49.575Z',
      lastModified: '2026-06-19T08:26:43.757Z'
    },
    activity: {
      activeDurationSec: 4689,
      idleBreaks: 11,
      avgIntervalSec: 2476.457142857143
    },
    diffStats: { linesAdded: 13, linesDeleted: 2, largeChangeEvents: 0 },
    patterns: { burstEdits: false, longPauseBeforeEdit: true },
    sourceHints: { possiblePaste: false, suspiciousJump: false }
  },
  {
    file: 'frontend/src/layouts/layout.tsx',
    requirementId: 898,
    requirementName: 'Define portfolio layout',
    changes: 10,
    modifiedRanges: [ [Object] ],
    timestamps: {
      firstModified: '2026-06-17T14:29:40.789Z',
      lastModified: '2026-06-19T14:05:36.452Z'
    },
    activity: { activeDurationSec: 2303, idleBreaks: 7, avgIntervalSec: 17135.1 },
    diffStats: { linesAdded: 1, linesDeleted: 1, largeChangeEvents: 0 },
    patterns: { burstEdits: false, longPauseBeforeEdit: true },
    sourceHints: { possiblePaste: false, suspiciousJump: false }
  }
]
suggestion!! { name: 'Unmapped', requirementId: 0, confidence: 0 }
